16:51:46.581 [http-nio-8080-exec-3] INFO  l.i.p.Controller.CustomerController -- get all customer
16:51:46.699 [http-nio-8080-exec-6] INFO  l.i.p.Controller.CustomerController -- get all customer
20:27:51.882 [http-nio-8080-exec-3] INFO  l.i.p.Controller.CustomerController -- get all customer
20:27:51.882 [http-nio-8080-exec-4] INFO  l.i.p.Controller.ItemController -- get all Items
20:27:52.058 [http-nio-8080-exec-9] INFO  l.i.p.Controller.CustomerController -- get all customer
20:27:52.058 [http-nio-8080-exec-4] INFO  l.i.p.Controller.ItemController -- get all Items
20:43:19.378 [http-nio-8080-exec-4] INFO  l.i.p.Controller.OrderController -- Save Order
20:47:55.901 [http-nio-8080-exec-6] INFO  l.i.p.Controller.ItemController -- get all Items
20:47:55.908 [http-nio-8080-exec-3] INFO  l.i.p.Controller.CustomerController -- get all customer
20:48:12.603 [http-nio-8080-exec-5] INFO  l.i.p.Controller.ItemController -- get all Items
20:48:12.606 [http-nio-8080-exec-4] INFO  l.i.p.Controller.CustomerController -- get all customer
20:48:12.631 [http-nio-8080-exec-8] INFO  l.i.p.Controller.CustomerController -- get all customer
20:48:12.631 [http-nio-8080-exec-3] INFO  l.i.p.Controller.ItemController -- get all Items
20:49:23.068 [http-nio-8080-exec-4] INFO  l.i.p.Controller.CustomerController -- get all customer
20:49:23.068 [http-nio-8080-exec-5] INFO  l.i.p.Controller.ItemController -- get all Items
20:49:23.134 [http-nio-8080-exec-3] INFO  l.i.p.Controller.CustomerController -- get all customer
20:49:23.142 [http-nio-8080-exec-7] INFO  l.i.p.Controller.ItemController -- get all Items
20:49:37.274 [http-nio-8080-exec-4] INFO  l.i.p.Controller.OrderController -- Save Order
20:53:39.825 [http-nio-8080-exec-5] INFO  l.i.p.Controller.ItemController -- get all Items
20:53:39.825 [http-nio-8080-exec-4] INFO  l.i.p.Controller.CustomerController -- get all customer
20:53:40.027 [http-nio-8080-exec-6] INFO  l.i.p.Controller.ItemController -- get all Items
20:53:40.027 [http-nio-8080-exec-7] INFO  l.i.p.Controller.CustomerController -- get all customer
20:53:51.674 [http-nio-8080-exec-4] INFO  l.i.p.Controller.OrderController -- Save Order
21:09:23.721 [http-nio-8080-exec-4] INFO  l.i.p.Controller.CustomerController -- get all customer
21:09:23.721 [http-nio-8080-exec-5] INFO  l.i.p.Controller.ItemController -- get all Items
21:09:23.946 [http-nio-8080-exec-6] INFO  l.i.p.Controller.CustomerController -- get all customer
21:09:23.946 [http-nio-8080-exec-7] INFO  l.i.p.Controller.ItemController -- get all Items
21:09:32.364 [http-nio-8080-exec-4] INFO  l.i.p.Controller.OrderController -- Save Order
21:13:31.014 [http-nio-8080-exec-3] INFO  l.i.p.Controller.CustomerController -- get all customer
21:13:31.014 [http-nio-8080-exec-5] INFO  l.i.p.Controller.ItemController -- get all Items
21:13:31.335 [http-nio-8080-exec-7] INFO  l.i.p.Controller.ItemController -- get all Items
21:13:31.335 [http-nio-8080-exec-6] INFO  l.i.p.Controller.CustomerController -- get all customer
21:13:40.942 [http-nio-8080-exec-5] INFO  l.i.p.Controller.OrderController -- Save Order
21:20:56.725 [http-nio-8080-exec-1] INFO  l.i.p.Controller.CustomerController -- get all customer
21:20:56.725 [http-nio-8080-exec-5] INFO  l.i.p.Controller.ItemController -- get all Items
21:20:56.968 [http-nio-8080-exec-7] INFO  l.i.p.Controller.ItemController -- get all Items
21:20:56.968 [http-nio-8080-exec-6] INFO  l.i.p.Controller.CustomerController -- get all customer
21:21:09.565 [http-nio-8080-exec-10] INFO  l.i.p.Controller.OrderController -- Save Order
21:42:58.900 [http-nio-8080-exec-1] INFO  l.i.p.Controller.ItemController -- get all Items
21:42:58.900 [http-nio-8080-exec-4] INFO  l.i.p.Controller.CustomerController -- get all customer
21:42:59.035 [http-nio-8080-exec-6] INFO  l.i.p.Controller.ItemController -- get all Items
21:42:59.035 [http-nio-8080-exec-7] INFO  l.i.p.Controller.CustomerController -- get all customer
21:43:10.397 [http-nio-8080-exec-1] INFO  l.i.p.Controller.OrderController -- Save Order
22:32:59.831 [http-nio-8080-exec-1] INFO  l.i.p.Controller.ItemController -- get all Items
22:32:59.831 [http-nio-8080-exec-4] INFO  l.i.p.Controller.CustomerController -- get all customer
22:33:00.010 [http-nio-8080-exec-7] INFO  l.i.p.Controller.CustomerController -- get all customer
22:33:00.010 [http-nio-8080-exec-6] INFO  l.i.p.Controller.ItemController -- get all Items
22:34:03.707 [http-nio-8080-exec-7] INFO  l.i.p.Controller.CustomerController -- get all customer
22:34:03.707 [http-nio-8080-exec-4] INFO  l.i.p.Controller.ItemController -- get all Items
08:33:11.683 [http-nio-8080-exec-5] INFO  l.i.p.Controller.CustomerController -- get all customer
08:33:11.683 [http-nio-8080-exec-4] INFO  l.i.p.Controller.ItemController -- get all Items
08:33:12.269 [http-nio-8080-exec-8] INFO  l.i.p.Controller.ItemController -- get all Items
08:33:12.269 [http-nio-8080-exec-7] INFO  l.i.p.Controller.CustomerController -- get all customer
08:33:18.036 [http-nio-8080-exec-9] INFO  l.i.p.Controller.ItemController -- get all Items
08:33:18.036 [http-nio-8080-exec-7] INFO  l.i.p.Controller.CustomerController -- get all customer
08:33:40.866 [http-nio-8080-exec-8] INFO  l.i.p.Controller.ItemController -- get all Items
08:33:40.867 [http-nio-8080-exec-9] INFO  l.i.p.Controller.CustomerController -- get all customer
08:33:40.973 [http-nio-8080-exec-2] INFO  l.i.p.Controller.CustomerController -- get all customer
08:33:40.975 [http-nio-8080-exec-1] INFO  l.i.p.Controller.ItemController -- get all Items
08:35:56.050 [http-nio-8080-exec-4] INFO  l.i.p.Controller.ItemController -- get all Items
08:35:56.050 [http-nio-8080-exec-5] INFO  l.i.p.Controller.CustomerController -- get all customer
08:36:44.970 [http-nio-8080-exec-2] INFO  l.i.p.Controller.CustomerController -- get all customer
08:36:44.970 [http-nio-8080-exec-4] INFO  l.i.p.Controller.ItemController -- get all Items
08:36:45.121 [http-nio-8080-exec-9] INFO  l.i.p.Controller.ItemController -- get all Items
08:36:45.123 [http-nio-8080-exec-10] INFO  l.i.p.Controller.CustomerController -- get all customer
08:37:00.011 [http-nio-8080-exec-7] INFO  l.i.p.Controller.OrderController -- Save Order
08:38:01.731 [http-nio-8080-exec-4] INFO  l.i.p.Controller.CustomerController -- get all customer
08:38:01.731 [http-nio-8080-exec-5] INFO  l.i.p.Controller.ItemController -- get all Items
08:38:01.882 [http-nio-8080-exec-6] INFO  l.i.p.Controller.ItemController -- get all Items
08:38:01.883 [http-nio-8080-exec-7] INFO  l.i.p.Controller.CustomerController -- get all customer
08:38:13.499 [http-nio-8080-exec-5] INFO  l.i.p.Controller.OrderController -- Save Order
08:53:18.920 [http-nio-8080-exec-2] INFO  l.i.p.Controller.ItemController -- get all Items
08:53:18.920 [http-nio-8080-exec-5] INFO  l.i.p.Controller.CustomerController -- get all customer
08:53:19.147 [http-nio-8080-exec-7] INFO  l.i.p.Controller.ItemController -- get all Items
08:53:19.147 [http-nio-8080-exec-6] INFO  l.i.p.Controller.CustomerController -- get all customer
08:53:26.944 [http-nio-8080-exec-5] INFO  l.i.p.Controller.OrderController -- Save Order
09:07:26.442 [http-nio-8080-exec-4] INFO  l.i.p.Controller.CustomerController -- get all customer
09:07:26.442 [http-nio-8080-exec-5] INFO  l.i.p.Controller.ItemController -- get all Items
09:07:26.662 [http-nio-8080-exec-6] INFO  l.i.p.Controller.ItemController -- get all Items
09:07:26.663 [http-nio-8080-exec-7] INFO  l.i.p.Controller.CustomerController -- get all customer
09:07:34.684 [http-nio-8080-exec-4] INFO  l.i.p.Controller.OrderController -- Save Order
15:23:36.451 [http-nio-8080-exec-1] INFO  l.i.p.Controller.CustomerController -- get all customer
15:23:36.460 [http-nio-8080-exec-2] INFO  l.i.p.Controller.ItemController -- get all Items
15:23:36.585 [http-nio-8080-exec-7] INFO  l.i.p.Controller.CustomerController -- get all customer
15:23:36.585 [http-nio-8080-exec-6] INFO  l.i.p.Controller.ItemController -- get all Items
15:23:46.234 [http-nio-8080-exec-2] INFO  l.i.p.Controller.OrderController -- Save Order
16:11:51.069 [http-nio-8080-exec-4] INFO  l.i.p.Controller.CustomerController -- get all customer
16:11:51.069 [http-nio-8080-exec-5] INFO  l.i.p.Controller.ItemController -- get all Items
16:11:51.322 [http-nio-8080-exec-7] INFO  l.i.p.Controller.ItemController -- get all Items
16:11:51.322 [http-nio-8080-exec-6] INFO  l.i.p.Controller.CustomerController -- get all customer
16:12:08.852 [http-nio-8080-exec-7] INFO  l.i.p.Controller.OrderController -- Save Order
20:13:28.669 [http-nio-8080-exec-4] INFO  l.i.p.Controller.CustomerController -- get all customer
20:13:28.669 [http-nio-8080-exec-5] INFO  l.i.p.Controller.ItemController -- get all Items
20:13:28.901 [http-nio-8080-exec-6] INFO  l.i.p.Controller.CustomerController -- get all customer
20:13:28.901 [http-nio-8080-exec-7] INFO  l.i.p.Controller.ItemController -- get all Items
20:13:36.426 [http-nio-8080-exec-10] INFO  l.i.p.Controller.OrderController -- Save Order
20:25:08.190 [http-nio-8080-exec-5] INFO  l.i.p.Controller.CustomerController -- get all customer
20:25:08.190 [http-nio-8080-exec-3] INFO  l.i.p.Controller.ItemController -- get all Items
20:25:08.448 [http-nio-8080-exec-6] INFO  l.i.p.Controller.ItemController -- get all Items
20:25:08.448 [http-nio-8080-exec-7] INFO  l.i.p.Controller.CustomerController -- get all customer
20:25:22.085 [http-nio-8080-exec-3] INFO  l.i.p.Controller.OrderController -- Save Order
20:29:15.495 [http-nio-8080-exec-4] INFO  l.i.p.Controller.ItemController -- get all Items
20:29:15.495 [http-nio-8080-exec-2] INFO  l.i.p.Controller.CustomerController -- get all customer
20:29:15.656 [http-nio-8080-exec-7] INFO  l.i.p.Controller.ItemController -- get all Items
20:29:15.656 [http-nio-8080-exec-6] INFO  l.i.p.Controller.CustomerController -- get all customer
20:29:29.646 [http-nio-8080-exec-7] INFO  l.i.p.Controller.OrderController -- Save Order
20:32:27.162 [http-nio-8080-exec-4] INFO  l.i.p.Controller.CustomerController -- get all customer
20:32:27.162 [http-nio-8080-exec-5] INFO  l.i.p.Controller.ItemController -- get all Items
20:32:27.387 [http-nio-8080-exec-6] INFO  l.i.p.Controller.CustomerController -- get all customer
20:32:27.387 [http-nio-8080-exec-7] INFO  l.i.p.Controller.ItemController -- get all Items
20:32:35.940 [http-nio-8080-exec-4] INFO  l.i.p.Controller.OrderController -- Save Order
20:34:49.284 [http-nio-8080-exec-9] INFO  l.i.p.Controller.ItemController -- get all Items
20:34:49.284 [http-nio-8080-exec-2] INFO  l.i.p.Controller.CustomerController -- get all customer
20:34:49.314 [http-nio-8080-exec-3] INFO  l.i.p.Controller.CustomerController -- get all customer
20:34:49.314 [http-nio-8080-exec-1] INFO  l.i.p.Controller.ItemController -- get all Items
20:35:01.341 [http-nio-8080-exec-10] INFO  l.i.p.Controller.OrderController -- Save Order
20:40:53.900 [http-nio-8080-exec-4] INFO  l.i.p.Controller.ItemController -- get all Items
20:40:53.900 [http-nio-8080-exec-5] INFO  l.i.p.Controller.CustomerController -- get all customer
20:40:54.111 [http-nio-8080-exec-6] INFO  l.i.p.Controller.CustomerController -- get all customer
20:40:54.111 [http-nio-8080-exec-7] INFO  l.i.p.Controller.ItemController -- get all Items
20:40:59.881 [http-nio-8080-exec-5] INFO  l.i.p.Controller.OrderController -- Save Order
20:45:47.336 [http-nio-8080-exec-4] INFO  l.i.p.Controller.CustomerController -- get all customer
20:45:47.336 [http-nio-8080-exec-5] INFO  l.i.p.Controller.ItemController -- get all Items
20:45:47.497 [http-nio-8080-exec-6] INFO  l.i.p.Controller.CustomerController -- get all customer
20:45:47.498 [http-nio-8080-exec-7] INFO  l.i.p.Controller.ItemController -- get all Items
20:45:55.925 [http-nio-8080-exec-5] INFO  l.i.p.Controller.OrderController -- Save Order
21:19:10.786 [http-nio-8080-exec-4] INFO  l.i.p.Controller.CustomerController -- get all customer
21:19:10.786 [http-nio-8080-exec-5] INFO  l.i.p.Controller.ItemController -- get all Items
21:19:10.914 [http-nio-8080-exec-7] INFO  l.i.p.Controller.CustomerController -- get all customer
21:19:10.914 [http-nio-8080-exec-6] INFO  l.i.p.Controller.ItemController -- get all Items
21:19:18.866 [http-nio-8080-exec-4] INFO  l.i.p.Controller.OrderController -- Save Order
21:35:13.569 [http-nio-8080-exec-3] INFO  l.i.p.Controller.ItemController -- get all Items
21:35:13.569 [http-nio-8080-exec-5] INFO  l.i.p.Controller.CustomerController -- get all customer
21:35:13.685 [http-nio-8080-exec-7] INFO  l.i.p.Controller.ItemController -- get all Items
21:35:13.685 [http-nio-8080-exec-6] INFO  l.i.p.Controller.CustomerController -- get all customer
21:35:21.112 [http-nio-8080-exec-10] INFO  l.i.p.Controller.OrderController -- Save Order
22:02:11.041 [http-nio-8080-exec-4] INFO  l.i.p.Controller.CustomerController -- get all customer
22:02:11.041 [http-nio-8080-exec-5] INFO  l.i.p.Controller.ItemController -- get all Items
22:02:11.161 [http-nio-8080-exec-7] INFO  l.i.p.Controller.ItemController -- get all Items
22:02:11.161 [http-nio-8080-exec-6] INFO  l.i.p.Controller.CustomerController -- get all customer
22:02:19.447 [http-nio-8080-exec-5] INFO  l.i.p.Controller.OrderController -- Save Order
22:14:25.971 [http-nio-8080-exec-5] INFO  l.i.p.Controller.ItemController -- get all Items
22:14:25.971 [http-nio-8080-exec-4] INFO  l.i.p.Controller.CustomerController -- get all customer
22:14:26.085 [http-nio-8080-exec-7] INFO  l.i.p.Controller.CustomerController -- get all customer
22:14:26.085 [http-nio-8080-exec-6] INFO  l.i.p.Controller.ItemController -- get all Items
22:14:31.198 [http-nio-8080-exec-10] INFO  l.i.p.Controller.OrderController -- Save Order
22:27:11.113 [http-nio-8080-exec-8] INFO  l.i.p.Controller.CustomerController -- get all customer
22:27:11.113 [http-nio-8080-exec-9] INFO  l.i.p.Controller.ItemController -- get all Items
22:27:11.156 [http-nio-8080-exec-3] INFO  l.i.p.Controller.CustomerController -- get all customer
22:27:11.156 [http-nio-8080-exec-2] INFO  l.i.p.Controller.ItemController -- get all Items
22:29:50.986 [http-nio-8080-exec-8] INFO  l.i.p.Controller.ItemController -- get all Items
22:29:50.986 [http-nio-8080-exec-10] INFO  l.i.p.Controller.CustomerController -- get all customer
22:29:51.001 [http-nio-8080-exec-3] INFO  l.i.p.Controller.CustomerController -- get all customer
22:29:51.001 [http-nio-8080-exec-2] INFO  l.i.p.Controller.ItemController -- get all Items
08:37:16.197 [http-nio-8080-exec-5] INFO  l.i.p.Controller.ItemController -- get all Items
08:37:16.197 [http-nio-8080-exec-4] INFO  l.i.p.Controller.CustomerController -- get all customer
08:37:16.395 [http-nio-8080-exec-6] INFO  l.i.p.Controller.ItemController -- get all Items
08:37:16.395 [http-nio-8080-exec-7] INFO  l.i.p.Controller.CustomerController -- get all customer
08:37:28.686 [http-nio-8080-exec-4] INFO  l.i.p.Controller.OrderController -- Save Order
08:37:28.788 [http-nio-8080-exec-6] INFO  l.i.p.Controller.CustomerController -- Save OrderDetail
08:58:10.165 [http-nio-8080-exec-1] INFO  l.i.p.Controller.CustomerController -- get all customer
08:59:24.173 [http-nio-8080-exec-5] INFO  l.i.p.Controller.CustomerController -- get all customer
09:10:07.916 [http-nio-8080-exec-8] INFO  l.i.p.Controller.CustomerController -- Save customer
09:12:21.443 [http-nio-8080-exec-2] INFO  l.i.p.Controller.CustomerController -- Save customer
09:12:53.126 [http-nio-8080-exec-5] INFO  l.i.p.Controller.CustomerController -- update customer
09:13:11.683 [http-nio-8080-exec-6] INFO  l.i.p.Controller.CustomerController -- Delete customer
09:37:05.516 [http-nio-8080-exec-9] INFO  l.i.p.Controller.ItemController -- get all Items
09:38:46.535 [http-nio-8080-exec-1] INFO  l.i.p.Controller.ItemController -- Save Items
09:40:03.256 [http-nio-8080-exec-1] INFO  l.i.p.Controller.ItemController -- Save Items
09:40:41.089 [http-nio-8080-exec-5] INFO  l.i.p.Controller.ItemController -- Update Items
09:41:01.605 [http-nio-8080-exec-8] INFO  l.i.p.Controller.ItemController -- Delete Items
09:41:37.139 [http-nio-8080-exec-1] INFO  l.i.p.Controller.ItemController -- Delete Items
14:16:00.278 [http-nio-8080-exec-3] INFO  l.i.p.Controller.OrderController -- Save Order
14:16:35.938 [http-nio-8080-exec-1] INFO  l.i.p.Controller.OrderController -- Save Order
15:08:13.603 [http-nio-8080-exec-5] INFO  l.i.p.Controller.CustomerController -- get all customer
15:08:13.603 [http-nio-8080-exec-4] INFO  l.i.p.Controller.ItemController -- get all Items
15:08:13.781 [http-nio-8080-exec-8] INFO  l.i.p.Controller.ItemController -- get all Items
15:08:13.782 [http-nio-8080-exec-7] INFO  l.i.p.Controller.CustomerController -- get all customer
15:08:27.486 [http-nio-8080-exec-5] INFO  l.i.p.Controller.CustomerController -- Save customer
15:08:27.584 [http-nio-8080-exec-4] INFO  l.i.p.Controller.CustomerController -- get all customer
15:08:33.903 [http-nio-8080-exec-7] INFO  l.i.p.Controller.CustomerController -- update customer
15:08:33.988 [http-nio-8080-exec-2] INFO  l.i.p.Controller.CustomerController -- get all customer
15:08:38.598 [http-nio-8080-exec-10] INFO  l.i.p.Controller.CustomerController -- Delete customer
15:08:38.654 [http-nio-8080-exec-1] INFO  l.i.p.Controller.CustomerController -- get all customer
15:08:50.819 [http-nio-8080-exec-4] INFO  l.i.p.Controller.ItemController -- Save Items
15:08:50.893 [http-nio-8080-exec-8] INFO  l.i.p.Controller.ItemController -- get all Items
15:08:56.719 [http-nio-8080-exec-2] INFO  l.i.p.Controller.ItemController -- Update Items
15:08:56.781 [http-nio-8080-exec-6] INFO  l.i.p.Controller.ItemController -- get all Items
15:08:59.384 [http-nio-8080-exec-1] INFO  l.i.p.Controller.ItemController -- Delete Items
15:08:59.397 [http-nio-8080-exec-3] INFO  l.i.p.Controller.ItemController -- get all Items
15:09:08.121 [http-nio-8080-exec-7] INFO  l.i.p.Controller.OrderController -- Save Order
15:09:08.205 [http-nio-8080-exec-9] INFO  l.i.p.Controller.CustomerController -- Save OrderDetail
15:11:52.849 [http-nio-8080-exec-4] INFO  l.i.p.Controller.ItemController -- get all Items
15:11:52.849 [http-nio-8080-exec-5] INFO  l.i.p.Controller.CustomerController -- get all customer
15:11:52.877 [http-nio-8080-exec-7] INFO  l.i.p.Controller.CustomerController -- get all customer
15:11:52.877 [http-nio-8080-exec-8] INFO  l.i.p.Controller.ItemController -- get all Items
15:12:04.930 [http-nio-8080-exec-3] INFO  l.i.p.Controller.OrderController -- Save Order
15:12:04.962 [http-nio-8080-exec-4] INFO  l.i.p.Controller.CustomerController -- Save OrderDetail
15:22:41.320 [http-nio-8080-exec-3] INFO  l.i.p.Controller.ItemController -- get all Items
15:22:41.320 [http-nio-8080-exec-5] INFO  l.i.p.Controller.CustomerController -- get all customer
15:22:41.518 [http-nio-8080-exec-7] INFO  l.i.p.Controller.ItemController -- get all Items
15:22:41.518 [http-nio-8080-exec-6] INFO  l.i.p.Controller.CustomerController -- get all customer
15:22:50.902 [http-nio-8080-exec-5] INFO  l.i.p.Controller.OrderController -- Save Order
15:22:51.037 [http-nio-8080-exec-7] INFO  l.i.p.Controller.CustomerController -- Save OrderDetail
15:25:51.693 [http-nio-8080-exec-10] INFO  l.i.p.Controller.ItemController -- get all Items
15:25:51.693 [http-nio-8080-exec-2] INFO  l.i.p.Controller.CustomerController -- get all customer
15:25:51.709 [http-nio-8080-exec-3] INFO  l.i.p.Controller.CustomerController -- get all customer
15:25:51.709 [http-nio-8080-exec-5] INFO  l.i.p.Controller.ItemController -- get all Items
15:27:11.030 [http-nio-8080-exec-3] INFO  l.i.p.Controller.OrderController -- Save Order
15:27:11.115 [http-nio-8080-exec-5] INFO  l.i.p.Controller.CustomerController -- Save OrderDetail
15:28:08.771 [http-nio-8080-exec-1] INFO  l.i.p.Controller.ItemController -- get all Items
15:28:08.774 [http-nio-8080-exec-10] INFO  l.i.p.Controller.CustomerController -- get all customer
15:28:08.787 [http-nio-8080-exec-3] INFO  l.i.p.Controller.CustomerController -- get all customer
15:28:08.787 [http-nio-8080-exec-2] INFO  l.i.p.Controller.ItemController -- get all Items
15:28:19.390 [http-nio-8080-exec-9] INFO  l.i.p.Controller.OrderController -- Save Order
15:28:19.407 [http-nio-8080-exec-3] INFO  l.i.p.Controller.CustomerController -- Save OrderDetail
15:33:14.775 [http-nio-8080-exec-4] INFO  l.i.p.Controller.CustomerController -- get all customer
15:33:14.775 [http-nio-8080-exec-5] INFO  l.i.p.Controller.ItemController -- get all Items
15:33:14.983 [http-nio-8080-exec-6] INFO  l.i.p.Controller.CustomerController -- get all customer
15:33:14.983 [http-nio-8080-exec-7] INFO  l.i.p.Controller.ItemController -- get all Items
15:33:24.360 [http-nio-8080-exec-4] INFO  l.i.p.Controller.OrderController -- Save Order
15:33:24.439 [http-nio-8080-exec-6] INFO  l.i.p.Controller.CustomerController -- Save OrderDetail
15:33:39.747 [http-nio-8080-exec-1] INFO  l.i.p.Controller.CustomerController -- get all customer
15:33:39.749 [http-nio-8080-exec-10] INFO  l.i.p.Controller.ItemController -- get all Items
15:33:39.776 [http-nio-8080-exec-5] INFO  l.i.p.Controller.CustomerController -- get all customer
15:33:39.776 [http-nio-8080-exec-4] INFO  l.i.p.Controller.ItemController -- get all Items
15:37:10.568 [http-nio-8080-exec-3] INFO  l.i.p.Controller.ItemController -- get all Items
15:37:10.568 [http-nio-8080-exec-1] INFO  l.i.p.Controller.CustomerController -- get all customer
15:37:10.601 [http-nio-8080-exec-5] INFO  l.i.p.Controller.CustomerController -- get all customer
15:37:10.601 [http-nio-8080-exec-4] INFO  l.i.p.Controller.ItemController -- get all Items
15:37:29.813 [http-nio-8080-exec-1] INFO  l.i.p.Controller.OrderController -- Save Order
15:41:19.854 [http-nio-8080-exec-2] INFO  l.i.p.Controller.CustomerController -- get all customer
15:41:19.854 [http-nio-8080-exec-8] INFO  l.i.p.Controller.ItemController -- get all Items
15:41:19.891 [http-nio-8080-exec-9] INFO  l.i.p.Controller.CustomerController -- get all customer
15:41:19.893 [http-nio-8080-exec-10] INFO  l.i.p.Controller.ItemController -- get all Items
15:42:35.077 [http-nio-8080-exec-6] INFO  l.i.p.Controller.CustomerController -- get all customer
15:42:35.073 [http-nio-8080-exec-5] INFO  l.i.p.Controller.ItemController -- get all Items
15:42:35.134 [http-nio-8080-exec-8] INFO  l.i.p.Controller.CustomerController -- get all customer
15:42:35.134 [http-nio-8080-exec-9] INFO  l.i.p.Controller.ItemController -- get all Items
15:42:44.328 [http-nio-8080-exec-1] INFO  l.i.p.Controller.OrderController -- Save Order
15:49:23.950 [http-nio-8080-exec-9] INFO  l.i.p.Controller.CustomerController -- get all customer
15:49:23.961 [http-nio-8080-exec-7] INFO  l.i.p.Controller.ItemController -- get all Items
15:49:24.068 [http-nio-8080-exec-2] INFO  l.i.p.Controller.CustomerController -- get all customer
15:49:24.068 [http-nio-8080-exec-1] INFO  l.i.p.Controller.ItemController -- get all Items
15:50:44.103 [http-nio-8080-exec-10] INFO  l.i.p.Controller.CustomerController -- get all customer
15:50:44.103 [http-nio-8080-exec-7] INFO  l.i.p.Controller.ItemController -- get all Items
15:50:44.122 [http-nio-8080-exec-2] INFO  l.i.p.Controller.CustomerController -- get all customer
15:50:44.122 [http-nio-8080-exec-1] INFO  l.i.p.Controller.ItemController -- get all Items
15:55:17.529 [http-nio-8080-exec-4] INFO  l.i.p.Controller.OrderController -- Save Order
16:06:51.448 [http-nio-8080-exec-4] INFO  l.i.p.Controller.CustomerController -- get all customer
16:06:51.448 [http-nio-8080-exec-5] INFO  l.i.p.Controller.ItemController -- get all Items
16:06:51.654 [http-nio-8080-exec-6] INFO  l.i.p.Controller.ItemController -- get all Items
16:06:51.654 [http-nio-8080-exec-7] INFO  l.i.p.Controller.CustomerController -- get all customer
16:06:59.375 [http-nio-8080-exec-5] INFO  l.i.p.Controller.OrderController -- Save Order
16:10:07.040 [http-nio-8080-exec-2] INFO  l.i.p.Controller.CustomerController -- get all customer
16:10:07.040 [http-nio-8080-exec-4] INFO  l.i.p.Controller.ItemController -- get all Items
16:10:07.222 [http-nio-8080-exec-6] INFO  l.i.p.Controller.CustomerController -- get all customer
16:10:07.222 [http-nio-8080-exec-7] INFO  l.i.p.Controller.ItemController -- get all Items
16:10:12.510 [http-nio-8080-exec-10] INFO  l.i.p.Controller.OrderController -- Save Order
16:11:31.084 [http-nio-8080-exec-1] INFO  l.i.p.Controller.ItemController -- get all Items
16:11:31.084 [http-nio-8080-exec-2] INFO  l.i.p.Controller.CustomerController -- get all customer
16:11:31.240 [http-nio-8080-exec-6] INFO  l.i.p.Controller.ItemController -- get all Items
16:11:31.240 [http-nio-8080-exec-7] INFO  l.i.p.Controller.CustomerController -- get all customer
16:11:38.408 [http-nio-8080-exec-10] INFO  l.i.p.Controller.OrderController -- Save Order
16:13:59.876 [http-nio-8080-exec-4] INFO  l.i.p.Controller.CustomerController -- get all customer
16:13:59.876 [http-nio-8080-exec-5] INFO  l.i.p.Controller.ItemController -- get all Items
16:14:00.035 [http-nio-8080-exec-7] INFO  l.i.p.Controller.ItemController -- get all Items
16:14:00.035 [http-nio-8080-exec-6] INFO  l.i.p.Controller.CustomerController -- get all customer
16:14:06.273 [http-nio-8080-exec-5] INFO  l.i.p.Controller.OrderController -- Save Order
16:16:39.692 [http-nio-8080-exec-5] INFO  l.i.p.Controller.ItemController -- get all Items
16:16:39.692 [http-nio-8080-exec-4] INFO  l.i.p.Controller.CustomerController -- get all customer
16:16:39.883 [http-nio-8080-exec-6] INFO  l.i.p.Controller.ItemController -- get all Items
16:16:39.883 [http-nio-8080-exec-7] INFO  l.i.p.Controller.CustomerController -- get all customer
16:16:46.868 [http-nio-8080-exec-10] INFO  l.i.p.Controller.OrderController -- Save Order
16:18:39.359 [http-nio-8080-exec-9] INFO  l.i.p.Controller.ItemController -- get all Items
16:18:39.358 [http-nio-8080-exec-8] INFO  l.i.p.Controller.CustomerController -- get all customer
16:18:39.411 [http-nio-8080-exec-3] INFO  l.i.p.Controller.ItemController -- get all Items
16:18:39.411 [http-nio-8080-exec-4] INFO  l.i.p.Controller.CustomerController -- get all customer
16:18:48.600 [http-nio-8080-exec-10] INFO  l.i.p.Controller.OrderController -- Save Order
